2025-01-29 08:24:55 [[32minfo[39m]: new
2025-01-29 08:24:58 [[32minfo[39m]: new
2025-01-29 08:24:59 [[32minfo[39m]: new
2025-01-29 08:24:59 [[32minfo[39m]: new
2025-01-29 08:25:01 [[32minfo[39m]: new
2025-02-03 10:04:16 [[32minfo[39m]: Server listening on port 3004
2025-02-03 10:04:48 [[32minfo[39m]: Server listening on port 3004
2025-02-03 10:06:12 [[32minfo[39m]: Server listening on port 3000
2025-02-03 10:07:09 [[32minfo[39m]: User details fetched successfully
2025-02-03 10:07:09 [[32minfo[39m]: username is mohit644
2025-02-03 10:07:09 [[32minfo[39m]: [object Object],[object Object]
2025-02-03 10:07:14 [[32minfo[39m]: username is mohit644
2025-02-03 10:07:14 [[32minfo[39m]: [object Object],[object Object]
2025-02-03 10:07:19 [[32minfo[39m]: username is mohit644
2025-02-03 10:07:19 [[32minfo[39m]: [object Object],[object Object]
2025-02-03 10:07:23 [[32minfo[39m]: username is ASD
2025-02-03 10:07:23 [[32minfo[39m]: self username is mohit644
2025-02-03 10:07:23 [[32minfo[39m]: Users fetched successfully
2025-02-03 10:07:24 [[32minfo[39m]: username is mohit644
2025-02-03 10:07:24 [[32minfo[39m]: [object Object],[object Object]
2025-02-03 10:07:29 [[32minfo[39m]: username is mohit644
2025-02-03 10:07:29 [[32minfo[39m]: [object Object],[object Object]
2025-02-03 10:07:34 [[32minfo[39m]: username is mohit644
2025-02-03 10:07:34 [[32minfo[39m]: [object Object],[object Object]
2025-02-03 10:07:39 [[32minfo[39m]: username is mohit644
2025-02-03 10:07:39 [[32minfo[39m]: [object Object],[object Object]
2025-02-03 10:07:44 [[32minfo[39m]: username is mohit644
2025-02-03 10:07:44 [[32minfo[39m]: [object Object],[object Object]
2025-02-03 10:07:49 [[32minfo[39m]: username is mohit644
2025-02-03 10:07:49 [[32minfo[39m]: [object Object],[object Object]
2025-02-03 10:07:54 [[32minfo[39m]: username is mohit644
2025-02-03 10:07:54 [[32minfo[39m]: [object Object],[object Object]
2025-02-03 10:07:59 [[32minfo[39m]: username is mohit644
2025-02-03 10:07:59 [[32minfo[39m]: [object Object],[object Object]
2025-02-03 10:08:04 [[32minfo[39m]: username is mohit644
2025-02-03 10:08:04 [[32minfo[39m]: [object Object],[object Object]
2025-02-03 10:08:08 [[32minfo[39m]: username is ASD
2025-02-03 10:08:08 [[32minfo[39m]: self username is mohit644
2025-02-03 10:08:08 [[32minfo[39m]: Users fetched successfully
2025-02-03 10:08:08 [[32minfo[39m]: username is mohit644
2025-02-03 10:08:08 [[32minfo[39m]: [object Object],[object Object]
2025-02-03 10:08:09 [[32minfo[39m]: username is ASD
2025-02-03 10:08:09 [[32minfo[39m]: self username is mohit644
2025-02-03 10:08:09 [[32minfo[39m]: username is mohit644
2025-02-03 10:08:09 [[32minfo[39m]: Users fetched successfully
2025-02-03 10:08:09 [[32minfo[39m]: [object Object],[object Object]
2025-02-03 10:08:13 [[32minfo[39m]: username is ASD
2025-02-03 10:08:13 [[32minfo[39m]: self username is mohit644
2025-02-03 10:08:13 [[32minfo[39m]: Users fetched successfully
2025-02-03 10:08:13 [[32minfo[39m]: username is mohit644
2025-02-03 10:08:13 [[32minfo[39m]: [object Object],[object Object]
2025-02-03 10:08:18 [[32minfo[39m]: username is mohit644
2025-02-03 10:08:18 [[32minfo[39m]: [object Object],[object Object]
2025-02-03 10:08:22 [[32minfo[39m]: username is ASD
2025-02-03 10:08:22 [[32minfo[39m]: self username is mohit644
2025-02-03 10:08:22 [[32minfo[39m]: Users fetched successfully
2025-02-03 10:08:22 [[32minfo[39m]: username is mohit644
2025-02-03 10:08:22 [[32minfo[39m]: [object Object],[object Object]
2025-02-03 10:08:23 [[32minfo[39m]: username is ASD
2025-02-03 10:08:23 [[32minfo[39m]: self username is mohit644
2025-02-03 10:08:23 [[32minfo[39m]: Users fetched successfully
2025-02-03 10:08:23 [[32minfo[39m]: username is mohit644
2025-02-03 10:08:23 [[32minfo[39m]: [object Object],[object Object]
2025-02-03 10:08:26 [[32minfo[39m]: username is ASD
2025-02-03 10:08:26 [[32minfo[39m]: self username is mohit644
2025-02-03 10:08:26 [[32minfo[39m]: Users fetched successfully
2025-02-03 10:08:27 [[32minfo[39m]: username is mohit644
2025-02-03 10:08:27 [[32minfo[39m]: [object Object],[object Object]
2025-02-03 10:08:31 [[32minfo[39m]: username is mohit644
2025-02-03 10:08:31 [[32minfo[39m]: [object Object],[object Object]
2025-02-03 10:08:34 [[32minfo[39m]: username is ASD
2025-02-03 10:08:34 [[32minfo[39m]: self username is mohit644
2025-02-03 10:08:34 [[32minfo[39m]: username is mohit644
2025-02-03 10:08:34 [[32minfo[39m]: Users fetched successfully
2025-02-03 10:08:34 [[32minfo[39m]: [object Object],[object Object]
2025-02-03 10:08:36 [[32minfo[39m]: username is ASD
2025-02-03 10:08:36 [[32minfo[39m]: self username is mohit644
2025-02-03 10:08:36 [[32minfo[39m]: Users fetched successfully
2025-02-03 10:08:36 [[32minfo[39m]: username is mohit644
2025-02-03 10:08:36 [[32minfo[39m]: [object Object],[object Object]
2025-02-03 10:08:41 [[32minfo[39m]: username is mohit644
2025-02-03 10:08:41 [[32minfo[39m]: [object Object],[object Object]
2025-02-03 10:08:46 [[32minfo[39m]: username is ASD
2025-02-03 10:08:46 [[32minfo[39m]: self username is mohit644
2025-02-03 10:08:46 [[32minfo[39m]: Users fetched successfully
2025-02-03 10:08:46 [[32minfo[39m]: username is mohit644
2025-02-03 10:08:46 [[32minfo[39m]: [object Object],[object Object]
2025-02-03 10:08:51 [[32minfo[39m]: username is mohit644
2025-02-03 10:08:51 [[32minfo[39m]: [object Object],[object Object]
2025-02-03 10:08:56 [[32minfo[39m]: username is mohit644
2025-02-03 10:08:56 [[32minfo[39m]: [object Object],[object Object]
2025-02-03 10:09:01 [[32minfo[39m]: username is mohit644
2025-02-03 10:09:01 [[32minfo[39m]: [object Object],[object Object]
2025-02-03 10:09:06 [[32minfo[39m]: username is mohit644
2025-02-03 10:09:06 [[32minfo[39m]: [object Object],[object Object]
2025-02-03 10:09:23 [[32minfo[39m]: username is mohit644
2025-02-03 10:09:23 [[32minfo[39m]: [object Object],[object Object]
2025-02-03 10:09:39 [[32minfo[39m]: username is mohit644
2025-02-03 10:09:39 [[32minfo[39m]: [object Object],[object Object]
2025-02-03 10:10:28 [[32minfo[39m]: username is mohit644
2025-02-03 10:10:28 [[32minfo[39m]: [object Object],[object Object]
2025-02-03 10:10:32 [[32minfo[39m]: username is mohit644
2025-02-03 10:10:32 [[32minfo[39m]: [object Object],[object Object]
2025-02-03 10:10:36 [[32minfo[39m]: username is mohit644
2025-02-03 10:10:36 [[32minfo[39m]: [object Object],[object Object]
2025-02-03 10:10:52 [[32minfo[39m]: username is mohit644
2025-02-03 10:10:52 [[32minfo[39m]: [object Object],[object Object]
2025-02-03 10:11:06 [[32minfo[39m]: username is mohit644
2025-02-03 10:11:06 [[32minfo[39m]: [object Object],[object Object]
2025-02-03 10:11:11 [[32minfo[39m]: username is mohit644
2025-02-03 10:11:11 [[32minfo[39m]: [object Object],[object Object]
2025-02-03 10:11:16 [[32minfo[39m]: username is mohit644
2025-02-03 10:11:16 [[32minfo[39m]: [object Object],[object Object]
2025-02-03 10:11:22 [[32minfo[39m]: username is mohit644
2025-02-03 10:11:22 [[32minfo[39m]: [object Object],[object Object]
2025-02-03 10:11:30 [[32minfo[39m]: username is mohit644
2025-02-03 10:11:30 [[32minfo[39m]: [object Object],[object Object]
2025-02-03 10:11:31 [[32minfo[39m]: username is mohit644
2025-02-03 10:11:31 [[32minfo[39m]: [object Object],[object Object]
2025-02-03 10:11:36 [[32minfo[39m]: username is mohit644
2025-02-03 10:11:36 [[32minfo[39m]: [object Object],[object Object]
2025-02-03 10:11:49 [[32minfo[39m]: username is ASD
2025-02-03 10:11:49 [[32minfo[39m]: self username is mohit644
2025-02-03 10:11:49 [[32minfo[39m]: username is mohit644
2025-02-03 10:11:49 [[32minfo[39m]: Users fetched successfully
2025-02-03 10:11:49 [[32minfo[39m]: [object Object],[object Object]
2025-02-03 10:11:51 [[32minfo[39m]: username is ASD
2025-02-03 10:11:51 [[32minfo[39m]: self username is mohit644
2025-02-03 10:11:51 [[32minfo[39m]: username is mohit644
2025-02-03 10:11:51 [[32minfo[39m]: Users fetched successfully
2025-02-03 10:11:51 [[32minfo[39m]: [object Object],[object Object]
2025-02-03 10:11:56 [[32minfo[39m]: username is mohit644
2025-02-03 10:11:56 [[32minfo[39m]: [object Object],[object Object]
2025-02-03 10:12:01 [[32minfo[39m]: username is mohit644
2025-02-03 10:12:01 [[32minfo[39m]: [object Object],[object Object]
2025-02-03 10:12:06 [[32minfo[39m]: username is mohit644
2025-02-03 10:12:06 [[32minfo[39m]: [object Object],[object Object]
2025-02-03 10:12:12 [[32minfo[39m]: username is mohit644
2025-02-03 10:12:12 [[32minfo[39m]: [object Object],[object Object]
2025-02-03 10:12:13 [[32minfo[39m]: username is ASD
2025-02-03 10:12:13 [[32minfo[39m]: self username is mohit644
2025-02-03 10:12:13 [[32minfo[39m]: username is mohit644
2025-02-03 10:12:13 [[32minfo[39m]: Users fetched successfully
2025-02-03 10:12:13 [[32minfo[39m]: [object Object],[object Object]
2025-02-03 10:12:14 [[32minfo[39m]: username is ASD
2025-02-03 10:12:14 [[32minfo[39m]: self username is mohit644
2025-02-03 10:12:14 [[32minfo[39m]: username is mohit644
2025-02-03 10:12:14 [[32minfo[39m]: Users fetched successfully
2025-02-03 10:12:14 [[32minfo[39m]: [object Object],[object Object]
2025-02-03 10:12:17 [[32minfo[39m]: username is ASD
2025-02-03 10:12:17 [[32minfo[39m]: self username is mohit644
2025-02-03 10:12:17 [[32minfo[39m]: username is mohit644
2025-02-03 10:12:17 [[32minfo[39m]: Users fetched successfully
2025-02-03 10:12:17 [[32minfo[39m]: [object Object],[object Object]
2025-02-03 10:12:23 [[32minfo[39m]: username is mohit644
2025-02-03 10:12:23 [[32minfo[39m]: [object Object],[object Object]
2025-02-03 10:12:23 [[32minfo[39m]: username is ASD
2025-02-03 10:12:23 [[32minfo[39m]: self username is mohit644
2025-02-03 10:12:23 [[32minfo[39m]: username is mohit644
2025-02-03 10:12:23 [[32minfo[39m]: Users fetched successfully
2025-02-03 10:12:23 [[32minfo[39m]: [object Object],[object Object]
2025-02-03 10:12:28 [[32minfo[39m]: username is mohit644
2025-02-03 10:12:28 [[32minfo[39m]: [object Object],[object Object]
2025-02-03 10:12:30 [[32minfo[39m]: username is ASD
2025-02-03 10:12:30 [[32minfo[39m]: self username is mohit644
2025-02-03 10:12:30 [[32minfo[39m]: Users fetched successfully
2025-02-03 10:12:30 [[32minfo[39m]: username is mohit644
2025-02-03 10:12:30 [[32minfo[39m]: [object Object],[object Object]
2025-02-03 10:12:32 [[32minfo[39m]: username is ASD
2025-02-03 10:12:32 [[32minfo[39m]: self username is mohit644
2025-02-03 10:12:32 [[32minfo[39m]: Users fetched successfully
2025-02-03 10:12:32 [[32minfo[39m]: username is mohit644
2025-02-03 10:12:32 [[32minfo[39m]: [object Object],[object Object]
2025-02-03 10:12:37 [[32minfo[39m]: username is mohit644
2025-02-03 10:12:37 [[32minfo[39m]: [object Object],[object Object]
2025-02-03 10:12:42 [[32minfo[39m]: username is mohit644
2025-02-03 10:12:42 [[32minfo[39m]: [object Object],[object Object]
2025-02-03 10:12:47 [[32minfo[39m]: username is mohit644
2025-02-03 10:12:47 [[32minfo[39m]: [object Object],[object Object]
2025-02-03 10:12:47 [[32minfo[39m]: username is mohit644
2025-02-03 10:12:47 [[32minfo[39m]: username is ASD
2025-02-03 10:12:47 [[32minfo[39m]: self username is mohit644
2025-02-03 10:12:47 [[32minfo[39m]: [object Object],[object Object]
2025-02-03 10:12:47 [[32minfo[39m]: Users fetched successfully
2025-02-03 10:12:52 [[32minfo[39m]: username is mohit644
2025-02-03 10:12:52 [[32minfo[39m]: [object Object],[object Object]
2025-02-03 10:12:57 [[32minfo[39m]: username is mohit644
2025-02-03 10:12:57 [[32minfo[39m]: [object Object],[object Object]
2025-02-03 10:13:02 [[32minfo[39m]: username is mohit644
2025-02-03 10:13:02 [[32minfo[39m]: [object Object],[object Object]
2025-02-03 10:13:07 [[32minfo[39m]: username is mohit644
2025-02-03 10:13:07 [[32minfo[39m]: [object Object],[object Object]
2025-02-03 10:13:12 [[32minfo[39m]: username is mohit644
2025-02-03 10:13:12 [[32minfo[39m]: [object Object],[object Object]
2025-02-03 10:13:17 [[32minfo[39m]: username is mohit644
2025-02-03 10:13:17 [[32minfo[39m]: [object Object],[object Object]
2025-02-03 10:13:22 [[32minfo[39m]: username is mohit644
2025-02-03 10:13:22 [[32minfo[39m]: [object Object],[object Object]
2025-02-03 10:13:27 [[32minfo[39m]: username is mohit644
2025-02-03 10:13:27 [[32minfo[39m]: [object Object],[object Object]
2025-02-03 10:13:32 [[32minfo[39m]: username is mohit644
2025-02-03 10:13:32 [[32minfo[39m]: [object Object],[object Object]
2025-02-03 10:13:37 [[32minfo[39m]: username is mohit644
2025-02-03 10:13:37 [[32minfo[39m]: [object Object],[object Object]
2025-02-03 10:13:42 [[32minfo[39m]: username is mohit644
2025-02-03 10:13:42 [[32minfo[39m]: [object Object],[object Object]
2025-02-03 10:13:47 [[32minfo[39m]: username is mohit644
2025-02-03 10:13:47 [[32minfo[39m]: [object Object],[object Object]
2025-02-03 10:13:52 [[32minfo[39m]: username is mohit644
2025-02-03 10:13:52 [[32minfo[39m]: [object Object],[object Object]
2025-02-03 10:13:57 [[32minfo[39m]: username is mohit644
2025-02-03 10:13:57 [[32minfo[39m]: [object Object],[object Object]
2025-02-03 10:14:02 [[32minfo[39m]: username is mohit644
2025-02-03 10:14:03 [[32minfo[39m]: [object Object],[object Object]
2025-02-03 10:14:07 [[32minfo[39m]: username is mohit644
2025-02-03 10:14:07 [[32minfo[39m]: [object Object],[object Object]
2025-02-03 10:14:12 [[32minfo[39m]: username is mohit644
2025-02-03 10:14:12 [[32minfo[39m]: [object Object],[object Object]
2025-02-03 10:14:17 [[32minfo[39m]: username is mohit644
2025-02-03 10:14:17 [[32minfo[39m]: [object Object],[object Object]
2025-02-03 10:14:22 [[32minfo[39m]: username is mohit644
2025-02-03 10:14:22 [[32minfo[39m]: [object Object],[object Object]
2025-02-03 10:14:27 [[32minfo[39m]: username is ASD
2025-02-03 10:14:27 [[32minfo[39m]: self username is mohit644
2025-02-03 10:14:27 [[32minfo[39m]: username is mohit644
2025-02-03 10:14:27 [[32minfo[39m]: Users fetched successfully
2025-02-03 10:14:27 [[32minfo[39m]: [object Object],[object Object]
2025-02-03 10:14:32 [[32minfo[39m]: username is mohit644
2025-02-03 10:14:32 [[32minfo[39m]: [object Object],[object Object]
2025-02-03 10:14:41 [[32minfo[39m]: User details fetched successfully
2025-02-03 10:14:41 [[32minfo[39m]: username is mohit644
2025-02-03 10:14:41 [[32minfo[39m]: [object Object],[object Object]
2025-02-03 10:14:46 [[32minfo[39m]: username is mohit644
2025-02-03 10:14:46 [[32minfo[39m]: [object Object],[object Object]
2025-02-03 10:14:52 [[32minfo[39m]: username is mohit644
2025-02-03 10:14:52 [[32minfo[39m]: [object Object],[object Object]
2025-02-03 10:14:56 [[32minfo[39m]: username is mohit644
2025-02-03 10:14:56 [[32minfo[39m]: [object Object],[object Object]
2025-02-03 10:15:01 [[32minfo[39m]: username is mohit644
2025-02-03 10:15:01 [[32minfo[39m]: [object Object],[object Object]
2025-02-03 10:15:06 [[32minfo[39m]: username is mohit644
2025-02-03 10:15:06 [[32minfo[39m]: [object Object],[object Object]
2025-02-03 10:15:11 [[32minfo[39m]: username is mohit644
2025-02-03 10:15:11 [[32minfo[39m]: [object Object],[object Object]
2025-02-03 10:15:16 [[32minfo[39m]: username is mohit644
2025-02-03 10:15:16 [[32minfo[39m]: [object Object],[object Object]
2025-02-03 10:15:21 [[32minfo[39m]: username is mohit644
2025-02-03 10:15:21 [[32minfo[39m]: [object Object],[object Object]
2025-02-03 10:15:26 [[32minfo[39m]: username is mohit644
2025-02-03 10:15:26 [[32minfo[39m]: [object Object],[object Object]
2025-02-03 10:15:31 [[32minfo[39m]: username is mohit644
2025-02-03 10:15:31 [[32minfo[39m]: [object Object],[object Object]
2025-02-03 10:15:36 [[32minfo[39m]: username is mohit644
2025-02-03 10:15:36 [[32minfo[39m]: [object Object],[object Object]
2025-02-03 10:15:41 [[32minfo[39m]: username is mohit644
2025-02-03 10:15:41 [[32minfo[39m]: [object Object],[object Object]
2025-02-03 10:15:46 [[32minfo[39m]: username is mohit644
2025-02-03 10:15:46 [[32minfo[39m]: [object Object],[object Object]
2025-02-03 10:15:49 [[32minfo[39m]: username is mohit644
2025-02-03 10:15:49 [[32minfo[39m]: [object Object],[object Object]
2025-02-03 10:15:54 [[32minfo[39m]: username is mohit644
2025-02-03 10:15:54 [[32minfo[39m]: [object Object],[object Object]
2025-02-03 10:15:58 [[32minfo[39m]: username is mohit644
2025-02-03 10:15:58 [[32minfo[39m]: [object Object],[object Object]
2025-02-03 10:16:00 [[32minfo[39m]: username is mohit644
2025-02-03 10:16:00 [[32minfo[39m]: [object Object],[object Object]
2025-02-03 10:16:05 [[32minfo[39m]: username is mohit644
2025-02-03 10:16:05 [[32minfo[39m]: [object Object],[object Object]
2025-02-03 10:16:10 [[32minfo[39m]: username is mohit644
2025-02-03 10:16:10 [[32minfo[39m]: [object Object],[object Object]
2025-02-03 10:16:15 [[32minfo[39m]: username is mohit644
2025-02-03 10:16:15 [[32minfo[39m]: [object Object],[object Object]
2025-02-03 10:16:20 [[32minfo[39m]: username is mohit644
2025-02-03 10:16:20 [[32minfo[39m]: [object Object],[object Object]
2025-02-03 10:16:25 [[32minfo[39m]: username is mohit644
2025-02-03 10:16:25 [[32minfo[39m]: [object Object],[object Object]
2025-02-03 10:16:30 [[32minfo[39m]: username is mohit644
2025-02-03 10:16:30 [[32minfo[39m]: [object Object],[object Object]
2025-02-03 10:16:35 [[32minfo[39m]: username is mohit644
2025-02-03 10:16:35 [[32minfo[39m]: [object Object],[object Object]
2025-02-03 10:16:40 [[32minfo[39m]: username is mohit644
2025-02-03 10:16:40 [[32minfo[39m]: [object Object],[object Object]
2025-02-03 10:16:45 [[32minfo[39m]: username is mohit644
2025-02-03 10:16:45 [[32minfo[39m]: [object Object],[object Object]
2025-02-03 10:16:50 [[32minfo[39m]: username is mohit644
2025-02-03 10:16:50 [[32minfo[39m]: [object Object],[object Object]
2025-02-03 10:16:55 [[32minfo[39m]: username is mohit644
2025-02-03 10:16:55 [[32minfo[39m]: [object Object],[object Object]
2025-02-03 10:16:58 [[32minfo[39m]: username is mohi
2025-02-03 10:16:58 [[32minfo[39m]: self username is mohit644
2025-02-03 10:16:58 [[32minfo[39m]: Users fetched successfully
2025-02-03 10:17:00 [[32minfo[39m]: username is mohit644
2025-02-03 10:17:00 [[32minfo[39m]: [object Object],[object Object]
2025-02-03 10:17:05 [[32minfo[39m]: username is mohit644
2025-02-03 10:17:05 [[32minfo[39m]: [object Object],[object Object]
2025-02-03 10:17:10 [[32minfo[39m]: username is mohit644
2025-02-03 10:17:10 [[32minfo[39m]: [object Object],[object Object]
2025-02-03 10:17:15 [[32minfo[39m]: username is mohit644
2025-02-03 10:17:15 [[32minfo[39m]: [object Object],[object Object]
2025-02-03 10:17:20 [[32minfo[39m]: username is mohit644
2025-02-03 10:17:20 [[32minfo[39m]: [object Object],[object Object]
2025-02-03 10:17:25 [[32minfo[39m]: username is mohit644
2025-02-03 10:17:25 [[32minfo[39m]: [object Object],[object Object]
2025-02-03 10:17:30 [[32minfo[39m]: username is mohit644
2025-02-03 10:17:30 [[32minfo[39m]: [object Object],[object Object]
2025-02-03 10:17:35 [[32minfo[39m]: username is mohit644
2025-02-03 10:17:35 [[32minfo[39m]: [object Object],[object Object]
2025-02-03 10:17:38 [[32minfo[39m]: username is mi
2025-02-03 10:17:38 [[32minfo[39m]: self username is mohit644
2025-02-03 10:17:38 [[32minfo[39m]: Users fetched successfully
2025-02-03 10:17:40 [[32minfo[39m]: username is mohit644
2025-02-03 10:17:40 [[32minfo[39m]: [object Object],[object Object]
2025-02-03 10:17:45 [[32minfo[39m]: username is mohit644
2025-02-03 10:17:45 [[32minfo[39m]: [object Object],[object Object]
2025-02-03 10:17:50 [[32minfo[39m]: username is mohit644
2025-02-03 10:17:50 [[32minfo[39m]: [object Object],[object Object]
2025-02-03 10:17:55 [[32minfo[39m]: username is mohit644
2025-02-03 10:17:55 [[32minfo[39m]: [object Object],[object Object]
2025-02-03 10:18:00 [[32minfo[39m]: username is mohit644
2025-02-03 10:18:00 [[32minfo[39m]: [object Object],[object Object]
2025-02-03 10:18:01 [[32minfo[39m]: username is mohi
2025-02-03 10:18:01 [[32minfo[39m]: self username is mohit644
2025-02-03 10:18:01 [[32minfo[39m]: Users fetched successfully
2025-02-03 10:18:05 [[32minfo[39m]: username is mohit644
2025-02-03 10:18:05 [[32minfo[39m]: [object Object],[object Object]
2025-02-03 10:18:10 [[32minfo[39m]: username is mohit644
2025-02-03 10:18:10 [[32minfo[39m]: [object Object],[object Object]
2025-02-03 10:18:15 [[32minfo[39m]: username is mohit644
2025-02-03 10:18:15 [[32minfo[39m]: [object Object],[object Object]
2025-02-03 10:18:20 [[32minfo[39m]: username is mohit644
2025-02-03 10:18:20 [[32minfo[39m]: [object Object],[object Object]
2025-02-03 10:18:25 [[32minfo[39m]: username is mohit644
2025-02-03 10:18:25 [[32minfo[39m]: [object Object],[object Object]
2025-02-03 10:18:30 [[32minfo[39m]: username is mohit644
2025-02-03 10:18:30 [[32minfo[39m]: [object Object],[object Object]
2025-02-03 10:18:35 [[32minfo[39m]: username is mohit644
2025-02-03 10:18:35 [[32minfo[39m]: [object Object],[object Object]
2025-02-03 10:18:40 [[32minfo[39m]: username is mohit644
2025-02-03 10:18:40 [[32minfo[39m]: [object Object],[object Object]
2025-02-03 10:18:45 [[32minfo[39m]: username is mohit644
2025-02-03 10:18:45 [[32minfo[39m]: [object Object],[object Object]
2025-02-03 10:18:50 [[32minfo[39m]: username is mohit644
2025-02-03 10:18:50 [[32minfo[39m]: [object Object],[object Object]
2025-02-03 10:18:55 [[32minfo[39m]: username is mohit644
2025-02-03 10:18:55 [[32minfo[39m]: [object Object],[object Object]
2025-02-03 10:19:00 [[32minfo[39m]: username is mohit644
2025-02-03 10:19:00 [[32minfo[39m]: [object Object],[object Object]
2025-02-03 10:19:05 [[32minfo[39m]: username is mohit644
2025-02-03 10:19:05 [[32minfo[39m]: [object Object],[object Object]
2025-02-03 10:19:10 [[32minfo[39m]: username is mohit644
2025-02-03 10:19:10 [[32minfo[39m]: [object Object],[object Object]
2025-02-03 10:19:15 [[32minfo[39m]: username is mohit644
2025-02-03 10:19:15 [[32minfo[39m]: [object Object],[object Object]
2025-02-03 10:19:20 [[32minfo[39m]: username is mohit644
2025-02-03 10:19:20 [[32minfo[39m]: [object Object],[object Object]
2025-02-03 10:19:25 [[32minfo[39m]: username is mohit644
2025-02-03 10:19:25 [[32minfo[39m]: [object Object],[object Object]
2025-02-03 10:19:30 [[32minfo[39m]: username is mohit644
2025-02-03 10:19:30 [[32minfo[39m]: [object Object],[object Object]
2025-02-03 10:19:35 [[32minfo[39m]: username is mohi
2025-02-03 10:19:35 [[32minfo[39m]: self username is mohit644
2025-02-03 10:19:35 [[32minfo[39m]: Users fetched successfully
2025-02-03 10:19:35 [[32minfo[39m]: username is mohit644
2025-02-03 10:19:35 [[32minfo[39m]: [object Object],[object Object]
2025-02-03 10:19:41 [[32minfo[39m]: username is mohit644
2025-02-03 10:19:41 [[32minfo[39m]: [object Object],[object Object]
2025-02-03 10:19:41 [[32minfo[39m]: username is mohi
2025-02-03 10:19:41 [[32minfo[39m]: self username is mohit644
2025-02-03 10:19:41 [[32minfo[39m]: username is mohit644
2025-02-03 10:19:41 [[32minfo[39m]: Users fetched successfully
2025-02-03 10:19:41 [[32minfo[39m]: [object Object],[object Object]
2025-02-03 10:19:42 [[32minfo[39m]: username is mohi
2025-02-03 10:19:42 [[32minfo[39m]: self username is mohit644
2025-02-03 10:19:42 [[32minfo[39m]: username is mohit644
2025-02-03 10:19:42 [[32minfo[39m]: Users fetched successfully
2025-02-03 10:19:42 [[32minfo[39m]: [object Object],[object Object]
2025-02-03 10:19:47 [[32minfo[39m]: username is mohit644
2025-02-03 10:19:47 [[32minfo[39m]: [object Object],[object Object]
2025-02-03 10:19:52 [[32minfo[39m]: username is mohit644
2025-02-03 10:19:52 [[32minfo[39m]: [object Object],[object Object]
2025-02-03 10:19:57 [[32minfo[39m]: username is mohit644
2025-02-03 10:19:57 [[32minfo[39m]: [object Object],[object Object]
2025-02-03 10:20:02 [[32minfo[39m]: username is mohit644
2025-02-03 10:20:02 [[32minfo[39m]: [object Object],[object Object]
2025-02-03 10:20:07 [[32minfo[39m]: username is mohit644
2025-02-03 10:20:07 [[32minfo[39m]: [object Object],[object Object]
2025-02-03 10:20:12 [[32minfo[39m]: username is mohit644
2025-02-03 10:20:12 [[32minfo[39m]: [object Object],[object Object]
2025-02-03 10:20:17 [[32minfo[39m]: username is mohit644
2025-02-03 10:20:17 [[32minfo[39m]: [object Object],[object Object]
2025-02-03 10:20:22 [[32minfo[39m]: username is mohit644
2025-02-03 10:20:22 [[32minfo[39m]: [object Object],[object Object]
2025-02-03 10:20:27 [[32minfo[39m]: username is mohit644
2025-02-03 10:20:27 [[32minfo[39m]: [object Object],[object Object]
2025-02-03 10:20:32 [[32minfo[39m]: username is mohit644
2025-02-03 10:20:32 [[32minfo[39m]: [object Object],[object Object]
2025-02-03 10:20:37 [[32minfo[39m]: username is mohit644
2025-02-03 10:20:37 [[32minfo[39m]: [object Object],[object Object]
2025-02-03 10:20:42 [[32minfo[39m]: username is mohit644
2025-02-03 10:20:42 [[32minfo[39m]: [object Object],[object Object]
2025-02-03 10:20:47 [[32minfo[39m]: username is mohit644
2025-02-03 10:20:47 [[32minfo[39m]: [object Object],[object Object]
2025-02-03 10:20:52 [[32minfo[39m]: username is mohit644
2025-02-03 10:20:52 [[32minfo[39m]: [object Object],[object Object]
2025-02-03 10:20:57 [[32minfo[39m]: username is mohit644
2025-02-03 10:20:57 [[32minfo[39m]: [object Object],[object Object]
2025-02-03 10:21:02 [[32minfo[39m]: username is mohit644
2025-02-03 10:21:02 [[32minfo[39m]: [object Object],[object Object]
2025-02-03 10:21:07 [[32minfo[39m]: username is mohit644
2025-02-03 10:21:07 [[32minfo[39m]: [object Object],[object Object]
2025-02-03 10:21:12 [[32minfo[39m]: username is mohit644
2025-02-03 10:21:12 [[32minfo[39m]: [object Object],[object Object]
2025-02-03 10:21:17 [[32minfo[39m]: username is mohit644
2025-02-03 10:21:17 [[32minfo[39m]: [object Object],[object Object]
2025-02-03 10:21:22 [[32minfo[39m]: username is mohit644
2025-02-03 10:21:22 [[32minfo[39m]: [object Object],[object Object]
2025-02-03 10:21:27 [[32minfo[39m]: username is mohit644
2025-02-03 10:21:27 [[32minfo[39m]: [object Object],[object Object]
2025-02-03 10:21:32 [[32minfo[39m]: username is mohit644
2025-02-03 10:21:32 [[32minfo[39m]: [object Object],[object Object]
2025-02-03 10:21:38 [[32minfo[39m]: username is mohit644
2025-02-03 10:21:38 [[32minfo[39m]: [object Object],[object Object]
2025-02-03 10:21:42 [[32minfo[39m]: username is mohit644
2025-02-03 10:21:42 [[32minfo[39m]: [object Object],[object Object]
2025-02-03 10:21:47 [[32minfo[39m]: username is mohit644
2025-02-03 10:21:47 [[32minfo[39m]: [object Object],[object Object]
2025-02-03 10:21:52 [[32minfo[39m]: username is mohit644
2025-02-03 10:21:52 [[32minfo[39m]: [object Object],[object Object]
2025-02-03 10:21:57 [[32minfo[39m]: username is mohit644
2025-02-03 10:21:57 [[32minfo[39m]: [object Object],[object Object]
2025-02-03 10:22:02 [[32minfo[39m]: username is mohit644
2025-02-03 10:22:02 [[32minfo[39m]: [object Object],[object Object]
2025-02-03 10:22:07 [[32minfo[39m]: username is mohit644
2025-02-03 10:22:07 [[32minfo[39m]: [object Object],[object Object]
2025-02-03 10:22:13 [[32minfo[39m]: username is mohit644
2025-02-03 10:22:13 [[32minfo[39m]: [object Object],[object Object]
2025-02-03 10:22:17 [[32minfo[39m]: username is mohit644
2025-02-03 10:22:17 [[32minfo[39m]: [object Object],[object Object]
2025-02-03 10:22:22 [[32minfo[39m]: username is mohit644
2025-02-03 10:22:22 [[32minfo[39m]: [object Object],[object Object]
2025-02-03 10:22:26 [[32minfo[39m]: username is mohi
2025-02-03 10:22:26 [[32minfo[39m]: self username is mohit644
2025-02-03 10:22:26 [[32minfo[39m]: Users fetched successfully
2025-02-03 10:22:26 [[32minfo[39m]: username is mohit644
2025-02-03 10:22:26 [[32minfo[39m]: [object Object],[object Object]
2025-02-03 10:22:31 [[32minfo[39m]: username is mohit644
2025-02-03 10:22:31 [[32minfo[39m]: [object Object],[object Object]
2025-02-03 10:22:36 [[32minfo[39m]: username is mohi
2025-02-03 10:22:36 [[32minfo[39m]: self username is mohit644
2025-02-03 10:22:36 [[32minfo[39m]: Users fetched successfully
2025-02-03 10:22:36 [[32minfo[39m]: username is mohit644
2025-02-03 10:22:36 [[32minfo[39m]: [object Object],[object Object]
2025-02-03 10:22:41 [[32minfo[39m]: username is mohit644
2025-02-03 10:22:41 [[32minfo[39m]: [object Object],[object Object]
2025-02-03 10:22:45 [[32minfo[39m]: username is mohi
2025-02-03 10:22:45 [[32minfo[39m]: self username is mohit644
2025-02-03 10:22:45 [[32minfo[39m]: Users fetched successfully
2025-02-03 10:22:46 [[32minfo[39m]: username is mohit644
2025-02-03 10:22:46 [[32minfo[39m]: [object Object],[object Object]
2025-02-03 10:22:51 [[32minfo[39m]: username is mohit644
2025-02-03 10:22:52 [[32minfo[39m]: [object Object],[object Object]
2025-02-03 10:22:52 [[32minfo[39m]: username is mohi
2025-02-03 10:22:52 [[32minfo[39m]: self username is mohit644
2025-02-03 10:22:52 [[32minfo[39m]: Users fetched successfully
2025-02-03 10:22:52 [[32minfo[39m]: username is mohit644
2025-02-03 10:22:52 [[32minfo[39m]: [object Object],[object Object]
2025-02-03 10:22:57 [[32minfo[39m]: username is mohit644
2025-02-03 10:22:57 [[32minfo[39m]: [object Object],[object Object]
2025-02-03 10:23:02 [[32minfo[39m]: username is mohit644
2025-02-03 10:23:02 [[32minfo[39m]: [object Object],[object Object]
2025-02-03 10:23:07 [[32minfo[39m]: username is mohit644
2025-02-03 10:23:07 [[32minfo[39m]: [object Object],[object Object]
2025-02-03 10:23:12 [[32minfo[39m]: username is mohit644
2025-02-03 10:23:12 [[32minfo[39m]: [object Object],[object Object]
2025-02-03 10:23:39 [[32minfo[39m]: username is mohi
2025-02-03 10:23:39 [[32minfo[39m]: self username is mohit644
2025-02-03 10:23:39 [[32minfo[39m]: Users fetched successfully
2025-02-03 10:23:39 [[32minfo[39m]: username is mohit644
2025-02-03 10:23:39 [[32minfo[39m]: [object Object],[object Object]
2025-02-03 10:23:40 [[32minfo[39m]: username is mohi
2025-02-03 10:23:40 [[32minfo[39m]: self username is mohit644
2025-02-03 10:23:40 [[32minfo[39m]: Users fetched successfully
2025-02-03 10:23:40 [[32minfo[39m]: username is mohit644
2025-02-03 10:23:40 [[32minfo[39m]: [object Object],[object Object]
2025-02-03 10:23:45 [[32minfo[39m]: username is mohit644
2025-02-03 10:23:45 [[32minfo[39m]: [object Object],[object Object]
2025-02-03 10:23:50 [[32minfo[39m]: username is mohit644
2025-02-03 10:23:50 [[32minfo[39m]: [object Object],[object Object]
2025-02-03 10:23:55 [[32minfo[39m]: username is mohit644
2025-02-03 10:23:55 [[32minfo[39m]: [object Object],[object Object]
2025-02-03 10:24:00 [[32minfo[39m]: username is mohit644
2025-02-03 10:24:00 [[32minfo[39m]: [object Object],[object Object]
2025-02-03 10:24:07 [[32minfo[39m]: username is mohi
2025-02-03 10:24:07 [[32minfo[39m]: self username is mohit644
2025-02-03 10:24:07 [[32minfo[39m]: Users fetched successfully
2025-02-03 10:24:07 [[32minfo[39m]: username is mohit644
2025-02-03 10:24:07 [[32minfo[39m]: [object Object],[object Object]
2025-02-03 10:24:09 [[32minfo[39m]: username is mohi
2025-02-03 10:24:09 [[32minfo[39m]: self username is mohit644
2025-02-03 10:24:09 [[32minfo[39m]: Users fetched successfully
2025-02-03 10:24:09 [[32minfo[39m]: username is mohit644
2025-02-03 10:24:09 [[32minfo[39m]: [object Object],[object Object]
2025-02-03 10:24:10 [[32minfo[39m]: username is mohi
2025-02-03 10:24:10 [[32minfo[39m]: self username is mohit644
2025-02-03 10:24:10 [[32minfo[39m]: Users fetched successfully
2025-02-03 10:24:10 [[32minfo[39m]: username is mohit644
2025-02-03 10:24:10 [[32minfo[39m]: [object Object],[object Object]
2025-02-03 10:24:15 [[32minfo[39m]: username is mohit644
2025-02-03 10:24:15 [[32minfo[39m]: [object Object],[object Object]
2025-02-03 10:24:20 [[32minfo[39m]: username is mohi
2025-02-03 10:24:20 [[32minfo[39m]: self username is mohit644
2025-02-03 10:24:20 [[32minfo[39m]: Users fetched successfully
2025-02-03 10:24:20 [[32minfo[39m]: username is mohit644
2025-02-03 10:24:20 [[32minfo[39m]: [object Object],[object Object]
2025-02-03 10:24:25 [[32minfo[39m]: username is mohi
2025-02-03 10:24:25 [[32minfo[39m]: self username is mohit644
2025-02-03 10:24:25 [[32minfo[39m]: Users fetched successfully
2025-02-03 10:24:25 [[32minfo[39m]: username is mohit644
2025-02-03 10:24:25 [[32minfo[39m]: [object Object],[object Object]
2025-02-03 10:24:30 [[32minfo[39m]: username is mohit644
2025-02-03 10:24:30 [[32minfo[39m]: [object Object],[object Object]
2025-02-03 10:24:35 [[32minfo[39m]: username is mohit644
2025-02-03 10:24:35 [[32minfo[39m]: [object Object],[object Object]
2025-02-03 10:24:40 [[32minfo[39m]: username is mohit644
2025-02-03 10:24:40 [[32minfo[39m]: [object Object],[object Object]
2025-02-03 10:24:44 [[32minfo[39m]: username is mohi
2025-02-03 10:24:44 [[32minfo[39m]: self username is mohit644
2025-02-03 10:24:44 [[32minfo[39m]: Users fetched successfully
2025-02-03 10:24:44 [[32minfo[39m]: username is mohit644
2025-02-03 10:24:44 [[32minfo[39m]: [object Object],[object Object]
2025-02-03 10:24:48 [[32minfo[39m]: username is mohi
2025-02-03 10:24:48 [[32minfo[39m]: self username is mohit644
2025-02-03 10:24:48 [[32minfo[39m]: Users fetched successfully
2025-02-03 10:24:48 [[32minfo[39m]: username is mohit644
2025-02-03 10:24:48 [[32minfo[39m]: [object Object],[object Object]
2025-02-03 10:24:53 [[32minfo[39m]: username is mohit644
2025-02-03 10:24:53 [[32minfo[39m]: [object Object],[object Object]
2025-02-03 10:24:58 [[32minfo[39m]: username is mohit644
2025-02-03 10:24:58 [[32minfo[39m]: [object Object],[object Object]
2025-02-03 10:25:03 [[32minfo[39m]: username is mohi
2025-02-03 10:25:03 [[32minfo[39m]: self username is mohit644
2025-02-03 10:25:03 [[32minfo[39m]: Users fetched successfully
2025-02-03 10:25:03 [[32minfo[39m]: username is mohit644
2025-02-03 10:25:03 [[32minfo[39m]: [object Object],[object Object]
2025-02-03 10:25:05 [[32minfo[39m]: username is mohi
2025-02-03 10:25:05 [[32minfo[39m]: self username is mohit644
2025-02-03 10:25:05 [[32minfo[39m]: username is mohit644
2025-02-03 10:25:05 [[32minfo[39m]: Users fetched successfully
2025-02-03 10:25:05 [[32minfo[39m]: [object Object],[object Object]
2025-02-03 10:25:10 [[32minfo[39m]: username is mohit644
2025-02-03 10:25:10 [[32minfo[39m]: [object Object],[object Object]
2025-02-03 10:25:15 [[32minfo[39m]: username is mohit644
2025-02-03 10:25:15 [[32minfo[39m]: [object Object],[object Object]
2025-02-03 10:25:17 [[32minfo[39m]: username is mohi
2025-02-03 10:25:17 [[32minfo[39m]: self username is mohit644
2025-02-03 10:25:17 [[32minfo[39m]: username is mohit644
2025-02-03 10:25:17 [[32minfo[39m]: Users fetched successfully
2025-02-03 10:25:17 [[32minfo[39m]: [object Object],[object Object]
2025-02-03 10:25:20 [[32minfo[39m]: username is mohi
2025-02-03 10:25:20 [[32minfo[39m]: self username is mohit644
2025-02-03 10:25:20 [[32minfo[39m]: username is mohit644
2025-02-03 10:25:20 [[32minfo[39m]: Users fetched successfully
2025-02-03 10:25:20 [[32minfo[39m]: [object Object],[object Object]
2025-02-03 10:25:25 [[32minfo[39m]: username is mohit644
2025-02-03 10:25:25 [[32minfo[39m]: [object Object],[object Object]
2025-02-03 10:25:28 [[32minfo[39m]: username is mohi
2025-02-03 10:25:28 [[32minfo[39m]: self username is mohit644
2025-02-03 10:25:28 [[32minfo[39m]: username is mohit644
2025-02-03 10:25:28 [[32minfo[39m]: Users fetched successfully
2025-02-03 10:25:28 [[32minfo[39m]: [object Object],[object Object]
2025-02-03 10:25:33 [[32minfo[39m]: username is mohit644
2025-02-03 10:25:33 [[32minfo[39m]: [object Object],[object Object]
2025-02-03 10:25:38 [[32minfo[39m]: username is mohit644
2025-02-03 10:25:38 [[32minfo[39m]: [object Object],[object Object]
2025-02-03 10:25:43 [[32minfo[39m]: username is mohit644
2025-02-03 10:25:43 [[32minfo[39m]: [object Object],[object Object]
2025-02-03 10:25:44 [[32minfo[39m]: username is mohi
2025-02-03 10:25:44 [[32minfo[39m]: self username is mohit644
2025-02-03 10:25:44 [[32minfo[39m]: username is mohit644
2025-02-03 10:25:44 [[32minfo[39m]: Users fetched successfully
2025-02-03 10:25:44 [[32minfo[39m]: [object Object],[object Object]
2025-02-03 10:25:49 [[32minfo[39m]: username is mohit644
2025-02-03 10:25:49 [[32minfo[39m]: [object Object],[object Object]
2025-02-03 10:25:50 [[32minfo[39m]: username is mohi
2025-02-03 10:25:50 [[32minfo[39m]: self username is mohit644
2025-02-03 10:25:50 [[32minfo[39m]: Users fetched successfully
2025-02-03 10:25:50 [[32minfo[39m]: username is mohit644
2025-02-03 10:25:50 [[32minfo[39m]: [object Object],[object Object]
2025-02-03 10:25:52 [[32minfo[39m]: username is mohi
2025-02-03 10:25:52 [[32minfo[39m]: self username is mohit644
2025-02-03 10:25:52 [[32minfo[39m]: username is mohit644
2025-02-03 10:25:52 [[32minfo[39m]: Users fetched successfully
2025-02-03 10:25:52 [[32minfo[39m]: [object Object],[object Object]
2025-02-03 10:25:55 [[32minfo[39m]: username is mohi
2025-02-03 10:25:55 [[32minfo[39m]: self username is mohit644
2025-02-03 10:25:55 [[32minfo[39m]: username is mohit644
2025-02-03 10:25:55 [[32minfo[39m]: Users fetched successfully
2025-02-03 10:25:55 [[32minfo[39m]: [object Object],[object Object]
2025-02-03 10:26:00 [[32minfo[39m]: username is mohit644
2025-02-03 10:26:00 [[32minfo[39m]: [object Object],[object Object]
2025-02-03 10:26:05 [[32minfo[39m]: username is mohit644
2025-02-03 10:26:05 [[32minfo[39m]: [object Object],[object Object]
2025-02-03 10:26:10 [[32minfo[39m]: username is mohit644
2025-02-03 10:26:10 [[32minfo[39m]: [object Object],[object Object]
2025-02-03 10:26:15 [[32minfo[39m]: username is mohit644
2025-02-03 10:26:15 [[32minfo[39m]: [object Object],[object Object]
2025-02-03 10:26:20 [[32minfo[39m]: username is mohit644
2025-02-03 10:26:20 [[32minfo[39m]: [object Object],[object Object]
2025-02-03 10:26:25 [[32minfo[39m]: username is mohit644
2025-02-03 10:26:25 [[32minfo[39m]: [object Object],[object Object]
2025-02-03 10:26:29 [[32minfo[39m]: username is mohi
2025-02-03 10:26:29 [[32minfo[39m]: self username is mohit644
2025-02-03 10:26:29 [[32minfo[39m]: username is mohit644
2025-02-03 10:26:29 [[32minfo[39m]: Users fetched successfully
2025-02-03 10:26:29 [[32minfo[39m]: [object Object],[object Object]
2025-02-03 10:26:34 [[32minfo[39m]: username is mohit644
2025-02-03 10:26:34 [[32minfo[39m]: [object Object],[object Object]
2025-02-03 10:26:39 [[32minfo[39m]: username is mohit644
2025-02-03 10:26:39 [[32minfo[39m]: [object Object],[object Object]
2025-02-03 10:26:44 [[32minfo[39m]: username is mohit644
2025-02-03 10:26:44 [[32minfo[39m]: [object Object],[object Object]
2025-02-03 10:26:49 [[32minfo[39m]: username is mohit644
2025-02-03 10:26:49 [[32minfo[39m]: [object Object],[object Object]
2025-02-03 10:26:54 [[32minfo[39m]: username is mohit644
2025-02-03 10:26:54 [[32minfo[39m]: [object Object],[object Object]
2025-02-03 10:26:59 [[32minfo[39m]: username is mohit644
2025-02-03 10:26:59 [[32minfo[39m]: [object Object],[object Object]
2025-02-03 10:27:04 [[32minfo[39m]: username is mohit644
2025-02-03 10:27:04 [[32minfo[39m]: [object Object],[object Object]
2025-02-03 10:27:09 [[32minfo[39m]: username is mohit644
2025-02-03 10:27:09 [[32minfo[39m]: [object Object],[object Object]
2025-02-03 10:27:14 [[32minfo[39m]: username is mohit644
2025-02-03 10:27:14 [[32minfo[39m]: [object Object],[object Object]
2025-02-03 10:27:19 [[32minfo[39m]: username is mohit644
2025-02-03 10:27:19 [[32minfo[39m]: [object Object],[object Object]
2025-02-03 10:27:24 [[32minfo[39m]: username is mohit644
2025-02-03 10:27:24 [[32minfo[39m]: [object Object],[object Object]
2025-02-03 10:27:29 [[32minfo[39m]: username is mohit644
2025-02-03 10:27:29 [[32minfo[39m]: [object Object],[object Object]
2025-02-03 10:27:34 [[32minfo[39m]: username is mohit644
2025-02-03 10:27:34 [[32minfo[39m]: [object Object],[object Object]
2025-02-03 10:27:39 [[32minfo[39m]: username is mohit644
2025-02-03 10:27:39 [[32minfo[39m]: [object Object],[object Object]
2025-02-03 10:27:44 [[32minfo[39m]: username is mohit644
2025-02-03 10:27:44 [[32minfo[39m]: [object Object],[object Object]
2025-02-03 10:27:49 [[32minfo[39m]: username is mohit644
2025-02-03 10:27:49 [[32minfo[39m]: [object Object],[object Object]
2025-02-03 10:27:54 [[32minfo[39m]: username is mohit644
2025-02-03 10:27:54 [[32minfo[39m]: [object Object],[object Object]
2025-02-03 10:27:59 [[32minfo[39m]: username is mohit644
2025-02-03 10:27:59 [[32minfo[39m]: [object Object],[object Object]
2025-02-03 10:28:04 [[32minfo[39m]: username is mohit644
2025-02-03 10:28:04 [[32minfo[39m]: [object Object],[object Object]
2025-02-03 10:28:09 [[32minfo[39m]: username is mohit644
2025-02-03 10:28:09 [[32minfo[39m]: [object Object],[object Object]
2025-02-03 10:28:14 [[32minfo[39m]: username is mohit644
2025-02-03 10:28:14 [[32minfo[39m]: [object Object],[object Object]
2025-02-03 10:28:19 [[32minfo[39m]: username is mohit644
2025-02-03 10:28:19 [[32minfo[39m]: [object Object],[object Object]
2025-02-03 10:28:24 [[32minfo[39m]: username is mohit644
2025-02-03 10:28:24 [[32minfo[39m]: [object Object],[object Object]
2025-02-03 10:28:29 [[32minfo[39m]: username is mohit644
2025-02-03 10:28:29 [[32minfo[39m]: [object Object],[object Object]
2025-02-03 10:28:34 [[32minfo[39m]: username is mohit644
2025-02-03 10:28:34 [[32minfo[39m]: [object Object],[object Object]
2025-02-03 10:28:39 [[32minfo[39m]: username is mohit644
2025-02-03 10:28:39 [[32minfo[39m]: [object Object],[object Object]
2025-02-03 10:28:44 [[32minfo[39m]: username is mohit644
2025-02-03 10:28:44 [[32minfo[39m]: [object Object],[object Object]
2025-02-03 10:28:49 [[32minfo[39m]: username is mohit644
2025-02-03 10:28:49 [[32minfo[39m]: [object Object],[object Object]
2025-02-03 10:28:54 [[32minfo[39m]: username is mohit644
2025-02-03 10:28:54 [[32minfo[39m]: [object Object],[object Object]
2025-02-03 10:28:59 [[32minfo[39m]: username is mohit644
2025-02-03 10:28:59 [[32minfo[39m]: [object Object],[object Object]
2025-02-03 10:29:04 [[32minfo[39m]: username is mohit644
2025-02-03 10:29:04 [[32minfo[39m]: [object Object],[object Object]
2025-02-03 10:29:09 [[32minfo[39m]: username is mohit644
2025-02-03 10:29:09 [[32minfo[39m]: [object Object],[object Object]
2025-02-03 10:29:14 [[32minfo[39m]: username is mohit644
2025-02-03 10:29:14 [[32minfo[39m]: [object Object],[object Object]
2025-02-03 10:29:19 [[32minfo[39m]: username is mohit644
2025-02-03 10:29:19 [[32minfo[39m]: [object Object],[object Object]
2025-02-03 10:29:24 [[32minfo[39m]: username is mohit644
2025-02-03 10:29:24 [[32minfo[39m]: [object Object],[object Object]
2025-02-03 10:29:29 [[32minfo[39m]: username is mohit644
2025-02-03 10:29:29 [[32minfo[39m]: [object Object],[object Object]
2025-02-03 10:29:34 [[32minfo[39m]: username is mohit644
2025-02-03 10:29:34 [[32minfo[39m]: [object Object],[object Object]
2025-02-03 10:29:39 [[32minfo[39m]: username is mohit644
2025-02-03 10:29:39 [[32minfo[39m]: [object Object],[object Object]
2025-02-03 10:29:41 [[32minfo[39m]: username is mohi
2025-02-03 10:29:41 [[32minfo[39m]: self username is mohit644
2025-02-03 10:29:41 [[32minfo[39m]: Users fetched successfully
2025-02-03 10:29:41 [[32minfo[39m]: username is mohit644
2025-02-03 10:29:41 [[32minfo[39m]: [object Object],[object Object]
2025-02-03 10:29:42 [[32minfo[39m]: username is mohi
2025-02-03 10:29:42 [[32minfo[39m]: self username is mohit644
2025-02-03 10:29:42 [[32minfo[39m]: Users fetched successfully
2025-02-03 10:29:42 [[32minfo[39m]: username is mohit644
2025-02-03 10:29:42 [[32minfo[39m]: [object Object],[object Object]
2025-02-03 10:29:47 [[32minfo[39m]: username is mohit644
2025-02-03 10:29:47 [[32minfo[39m]: [object Object],[object Object]
2025-02-03 10:29:52 [[32minfo[39m]: username is mohit644
2025-02-03 10:29:52 [[32minfo[39m]: [object Object],[object Object]
2025-02-03 10:29:57 [[32minfo[39m]: username is mohit644
2025-02-03 10:29:57 [[32minfo[39m]: [object Object],[object Object]
2025-02-03 10:30:02 [[32minfo[39m]: username is mohit644
2025-02-03 10:30:02 [[32minfo[39m]: [object Object],[object Object]
2025-02-03 10:30:04 [[32minfo[39m]: username is mohi
2025-02-03 10:30:04 [[32minfo[39m]: self username is mohit644
2025-02-03 10:30:04 [[32minfo[39m]: username is mohit644
2025-02-03 10:30:04 [[32minfo[39m]: Users fetched successfully
2025-02-03 10:30:04 [[32minfo[39m]: [object Object],[object Object]
2025-02-03 10:30:09 [[32minfo[39m]: username is mohit644
2025-02-03 10:30:09 [[32minfo[39m]: [object Object],[object Object]
2025-02-03 10:30:14 [[32minfo[39m]: username is mohit644
2025-02-03 10:30:14 [[32minfo[39m]: [object Object],[object Object]
2025-02-03 10:30:19 [[32minfo[39m]: username is mohit644
2025-02-03 10:30:19 [[32minfo[39m]: [object Object],[object Object]
2025-02-03 10:30:24 [[32minfo[39m]: username is mohit644
2025-02-03 10:30:24 [[32minfo[39m]: [object Object],[object Object]
2025-02-03 10:30:29 [[32minfo[39m]: username is mohit644
2025-02-03 10:30:29 [[32minfo[39m]: [object Object],[object Object]
2025-02-03 10:30:34 [[32minfo[39m]: username is mohit644
2025-02-03 10:30:34 [[32minfo[39m]: [object Object],[object Object]
2025-02-03 10:30:39 [[32minfo[39m]: username is mohit644
2025-02-03 10:30:39 [[32minfo[39m]: [object Object],[object Object]
2025-02-03 10:30:44 [[32minfo[39m]: username is mohit644
2025-02-03 10:30:44 [[32minfo[39m]: [object Object],[object Object]
2025-02-03 10:30:49 [[32minfo[39m]: username is mohit644
2025-02-03 10:30:49 [[32minfo[39m]: [object Object],[object Object]
2025-02-03 10:30:53 [[32minfo[39m]: username is mohi
2025-02-03 10:30:53 [[32minfo[39m]: self username is mohit644
2025-02-03 10:30:53 [[32minfo[39m]: username is mohit644
2025-02-03 10:30:53 [[32minfo[39m]: Users fetched successfully
2025-02-03 10:30:53 [[32minfo[39m]: [object Object],[object Object]
2025-02-03 10:30:55 [[32minfo[39m]: username is mohi
2025-02-03 10:30:55 [[32minfo[39m]: self username is mohit644
2025-02-03 10:30:55 [[32minfo[39m]: username is mohit644
2025-02-03 10:30:55 [[32minfo[39m]: Users fetched successfully
2025-02-03 10:30:55 [[32minfo[39m]: [object Object],[object Object]
2025-02-03 10:31:00 [[32minfo[39m]: username is mohit644
2025-02-03 10:31:00 [[32minfo[39m]: [object Object],[object Object]
2025-02-03 10:31:05 [[32minfo[39m]: username is mohit644
2025-02-03 10:31:05 [[32minfo[39m]: [object Object],[object Object]
2025-02-03 10:31:10 [[32minfo[39m]: username is mohit644
2025-02-03 10:31:10 [[32minfo[39m]: [object Object],[object Object]
2025-02-03 10:31:15 [[32minfo[39m]: username is mohit644
2025-02-03 10:31:15 [[32minfo[39m]: [object Object],[object Object]
2025-02-03 10:31:20 [[32minfo[39m]: username is mohit644
2025-02-03 10:31:20 [[32minfo[39m]: [object Object],[object Object]
2025-02-03 10:31:20 [[32minfo[39m]: username is mohit644
2025-02-03 10:31:20 [[32minfo[39m]: username is mohi
2025-02-03 10:31:20 [[32minfo[39m]: self username is mohit644
2025-02-03 10:31:20 [[32minfo[39m]: [object Object],[object Object]
2025-02-03 10:31:20 [[32minfo[39m]: Users fetched successfully
2025-02-03 10:31:25 [[32minfo[39m]: username is mohit644
2025-02-03 10:31:25 [[32minfo[39m]: [object Object],[object Object]
2025-02-03 10:31:27 [[32minfo[39m]: username is mohi
2025-02-03 10:31:27 [[32minfo[39m]: self username is mohit644
2025-02-03 10:31:27 [[32minfo[39m]: username is mohit644
2025-02-03 10:31:27 [[32minfo[39m]: Users fetched successfully
2025-02-03 10:31:27 [[32minfo[39m]: [object Object],[object Object]
2025-02-03 10:31:32 [[32minfo[39m]: username is mohit644
2025-02-03 10:31:32 [[32minfo[39m]: [object Object],[object Object]
2025-02-03 10:31:37 [[32minfo[39m]: username is mohit644
2025-02-03 10:31:37 [[32minfo[39m]: [object Object],[object Object]
2025-02-03 10:31:42 [[32minfo[39m]: username is mohit644
2025-02-03 10:31:42 [[32minfo[39m]: [object Object],[object Object]
2025-02-03 10:31:45 [[32minfo[39m]: username is mohi
2025-02-03 10:31:45 [[32minfo[39m]: self username is mohit644
2025-02-03 10:31:45 [[32minfo[39m]: username is mohit644
2025-02-03 10:31:45 [[32minfo[39m]: Users fetched successfully
2025-02-03 10:31:45 [[32minfo[39m]: [object Object],[object Object]
2025-02-03 10:31:50 [[32minfo[39m]: username is mohit644
2025-02-03 10:31:51 [[32minfo[39m]: [object Object],[object Object]
2025-02-03 10:31:55 [[32minfo[39m]: username is mohit644
2025-02-03 10:31:55 [[32minfo[39m]: [object Object],[object Object]
2025-02-03 10:32:00 [[32minfo[39m]: username is mohit644
2025-02-03 10:32:00 [[32minfo[39m]: [object Object],[object Object]
2025-02-03 10:32:05 [[32minfo[39m]: username is mohit644
2025-02-03 10:32:05 [[32minfo[39m]: [object Object],[object Object]
2025-02-03 10:32:10 [[32minfo[39m]: username is mohit644
2025-02-03 10:32:10 [[32minfo[39m]: [object Object],[object Object]
2025-02-03 10:32:15 [[32minfo[39m]: username is mohit644
2025-02-03 10:32:15 [[32minfo[39m]: [object Object],[object Object]
2025-02-03 10:32:20 [[32minfo[39m]: username is mohit644
2025-02-03 10:32:20 [[32minfo[39m]: [object Object],[object Object]
2025-02-03 10:32:22 [[32minfo[39m]: username is mohit644
2025-02-03 10:32:22 [[32minfo[39m]: username is mohi
2025-02-03 10:32:22 [[32minfo[39m]: self username is mohit644
2025-02-03 10:32:22 [[32minfo[39m]: [object Object],[object Object]
2025-02-03 10:32:22 [[32minfo[39m]: Users fetched successfully
2025-02-03 10:32:27 [[32minfo[39m]: username is mohit644
2025-02-03 10:32:27 [[32minfo[39m]: [object Object],[object Object]
2025-02-03 10:32:27 [[32minfo[39m]: username is mohit644
2025-02-03 10:32:27 [[32minfo[39m]: username is mohi
2025-02-03 10:32:27 [[32minfo[39m]: self username is mohit644
2025-02-03 10:32:27 [[32minfo[39m]: [object Object],[object Object]
2025-02-03 10:32:27 [[32minfo[39m]: Users fetched successfully
2025-02-03 10:32:32 [[32minfo[39m]: username is mohit644
2025-02-03 10:32:32 [[32minfo[39m]: [object Object],[object Object]
2025-02-03 10:32:37 [[32minfo[39m]: username is mohit644
2025-02-03 10:32:37 [[32minfo[39m]: [object Object],[object Object]
2025-02-03 10:32:42 [[32minfo[39m]: username is mohit644
2025-02-03 10:32:42 [[32minfo[39m]: [object Object],[object Object]
2025-02-03 10:32:47 [[32minfo[39m]: username is mohit644
2025-02-03 10:32:47 [[32minfo[39m]: [object Object],[object Object]
2025-02-03 10:32:52 [[32minfo[39m]: username is mohit644
2025-02-03 10:32:52 [[32minfo[39m]: [object Object],[object Object]
2025-02-03 10:32:57 [[32minfo[39m]: username is mohit644
2025-02-03 10:32:57 [[32minfo[39m]: [object Object],[object Object]
2025-02-03 10:33:02 [[32minfo[39m]: username is mohit644
2025-02-03 10:33:02 [[32minfo[39m]: [object Object],[object Object]
2025-02-03 10:33:07 [[32minfo[39m]: username is mohit644
2025-02-03 10:33:07 [[32minfo[39m]: [object Object],[object Object]
2025-02-03 10:33:12 [[32minfo[39m]: username is mohit644
2025-02-03 10:33:12 [[32minfo[39m]: [object Object],[object Object]
2025-02-03 10:33:17 [[32minfo[39m]: username is mohit644
2025-02-03 10:33:17 [[32minfo[39m]: [object Object],[object Object]
2025-02-03 10:33:22 [[32minfo[39m]: username is mohit644
2025-02-03 10:33:22 [[32minfo[39m]: [object Object],[object Object]
2025-02-03 10:33:27 [[32minfo[39m]: username is mohit644
2025-02-03 10:33:27 [[32minfo[39m]: [object Object],[object Object]
2025-02-03 10:33:32 [[32minfo[39m]: username is mohit644
2025-02-03 10:33:32 [[32minfo[39m]: [object Object],[object Object]
2025-02-03 10:33:37 [[32minfo[39m]: username is mohit644
2025-02-03 10:33:37 [[32minfo[39m]: [object Object],[object Object]
2025-02-03 10:33:42 [[32minfo[39m]: username is mohit644
2025-02-03 10:33:42 [[32minfo[39m]: [object Object],[object Object]
2025-02-03 10:33:47 [[32minfo[39m]: username is mohit644
2025-02-03 10:33:47 [[32minfo[39m]: [object Object],[object Object]
2025-02-03 10:34:39 [[32minfo[39m]: username is mohit644
2025-02-03 10:34:39 [[32minfo[39m]: [object Object],[object Object]
2025-02-03 10:35:39 [[32minfo[39m]: username is mohit644
2025-02-03 10:35:39 [[32minfo[39m]: [object Object],[object Object]
2025-02-03 10:36:40 [[32minfo[39m]: username is mohit644
2025-02-03 10:36:40 [[32minfo[39m]: [object Object],[object Object]
2025-02-03 10:37:39 [[32minfo[39m]: username is mohit644
2025-02-03 10:37:39 [[32minfo[39m]: [object Object],[object Object]
2025-02-03 10:38:39 [[32minfo[39m]: username is mohit644
2025-02-03 10:38:39 [[32minfo[39m]: [object Object],[object Object]
2025-02-03 10:39:39 [[32minfo[39m]: username is mohit644
2025-02-03 10:39:39 [[32minfo[39m]: [object Object],[object Object]
2025-02-03 10:40:39 [[32minfo[39m]: username is mohit644
2025-02-03 10:40:39 [[32minfo[39m]: [object Object],[object Object]
2025-02-03 10:41:39 [[32minfo[39m]: username is mohit644
2025-02-03 10:41:39 [[32minfo[39m]: [object Object],[object Object]
2025-02-03 10:42:39 [[32minfo[39m]: username is mohit644
2025-02-03 10:42:40 [[32minfo[39m]: [object Object],[object Object]
2025-02-03 10:43:39 [[32minfo[39m]: username is mohit644
2025-02-03 10:43:39 [[32minfo[39m]: [object Object],[object Object]
2025-02-03 10:44:39 [[32minfo[39m]: username is mohit644
2025-02-03 10:44:39 [[32minfo[39m]: [object Object],[object Object]
2025-02-03 10:45:38 [[32minfo[39m]: username is mohit644
2025-02-03 10:45:38 [[32minfo[39m]: [object Object],[object Object]
2025-02-03 10:45:42 [[32minfo[39m]: username is mohit644
2025-02-03 10:45:42 [[32minfo[39m]: [object Object],[object Object]
2025-02-03 10:49:11 [[32minfo[39m]: User details fetched successfully
2025-02-03 10:49:11 [[32minfo[39m]: username is mohit644
2025-02-03 10:49:11 [[32minfo[39m]: [object Object],[object Object]
2025-02-03 10:49:16 [[32minfo[39m]: username is mohit644
2025-02-03 10:49:16 [[32minfo[39m]: [object Object],[object Object]
2025-02-03 10:49:21 [[32minfo[39m]: username is mohit644
2025-02-03 10:49:21 [[32minfo[39m]: [object Object],[object Object]
2025-02-03 10:49:26 [[32minfo[39m]: username is mohit644
2025-02-03 10:49:26 [[32minfo[39m]: [object Object],[object Object]
2025-02-03 10:49:31 [[32minfo[39m]: username is mohit644
2025-02-03 10:49:31 [[32minfo[39m]: [object Object],[object Object]
2025-02-03 10:49:36 [[32minfo[39m]: username is mohit644
2025-02-03 10:49:36 [[32minfo[39m]: [object Object],[object Object]
2025-02-03 10:49:41 [[32minfo[39m]: username is mohit644
2025-02-03 10:49:41 [[32minfo[39m]: [object Object],[object Object]
2025-02-03 10:49:46 [[32minfo[39m]: username is mohit644
2025-02-03 10:49:46 [[32minfo[39m]: [object Object],[object Object]
2025-02-03 10:49:51 [[32minfo[39m]: username is mohit644
2025-02-03 10:49:51 [[32minfo[39m]: [object Object],[object Object]
2025-02-03 10:49:56 [[32minfo[39m]: username is mohit644
2025-02-03 10:49:56 [[32minfo[39m]: [object Object],[object Object]
2025-02-03 10:50:01 [[32minfo[39m]: username is mohit644
2025-02-03 10:50:01 [[32minfo[39m]: [object Object],[object Object]
2025-02-03 10:50:06 [[32minfo[39m]: username is mohit644
2025-02-03 10:50:06 [[32minfo[39m]: [object Object],[object Object]
2025-02-03 10:50:11 [[32minfo[39m]: username is mohit644
2025-02-03 10:50:11 [[32minfo[39m]: [object Object],[object Object]
2025-02-03 10:50:16 [[32minfo[39m]: username is mohit644
2025-02-03 10:50:16 [[32minfo[39m]: [object Object],[object Object]
2025-02-03 10:50:21 [[32minfo[39m]: username is mohit644
2025-02-03 10:50:21 [[32minfo[39m]: [object Object],[object Object]
2025-02-03 10:50:26 [[32minfo[39m]: username is mohit644
2025-02-03 10:50:26 [[32minfo[39m]: [object Object],[object Object]
2025-02-03 10:50:32 [[32minfo[39m]: username is mohit644
2025-02-03 10:50:32 [[32minfo[39m]: [object Object],[object Object]
2025-02-03 10:50:36 [[32minfo[39m]: username is mohit644
2025-02-03 10:50:36 [[32minfo[39m]: [object Object],[object Object]
2025-02-03 10:50:41 [[32minfo[39m]: username is mohit644
2025-02-03 10:50:41 [[32minfo[39m]: [object Object],[object Object]
2025-02-03 10:50:46 [[32minfo[39m]: username is mohit644
2025-02-03 10:50:46 [[32minfo[39m]: [object Object],[object Object]
2025-02-03 10:50:51 [[32minfo[39m]: username is mohit644
2025-02-03 10:50:51 [[32minfo[39m]: [object Object],[object Object]
2025-02-03 10:50:56 [[32minfo[39m]: username is mohit644
2025-02-03 10:50:56 [[32minfo[39m]: [object Object],[object Object]
2025-02-03 10:51:01 [[32minfo[39m]: username is mohit644
2025-02-03 10:51:01 [[32minfo[39m]: [object Object],[object Object]
2025-02-03 10:51:07 [[32minfo[39m]: username is mohit644
2025-02-03 10:51:07 [[32minfo[39m]: [object Object],[object Object]
2025-02-03 10:51:11 [[32minfo[39m]: username is mohit644
2025-02-03 10:51:11 [[32minfo[39m]: [object Object],[object Object]
2025-02-03 10:51:16 [[32minfo[39m]: username is mohit644
2025-02-03 10:51:16 [[32minfo[39m]: [object Object],[object Object]
2025-02-03 10:51:21 [[32minfo[39m]: username is mohit644
2025-02-03 10:51:21 [[32minfo[39m]: [object Object],[object Object]
2025-02-03 10:51:26 [[32minfo[39m]: username is mohit644
2025-02-03 10:51:26 [[32minfo[39m]: [object Object],[object Object]
2025-02-03 10:51:31 [[32minfo[39m]: username is mohit644
2025-02-03 10:51:31 [[32minfo[39m]: [object Object],[object Object]
2025-02-03 10:51:36 [[32minfo[39m]: username is mohit644
2025-02-03 10:51:36 [[32minfo[39m]: [object Object],[object Object]
2025-02-03 10:51:41 [[32minfo[39m]: username is mohit644
2025-02-03 10:51:41 [[32minfo[39m]: [object Object],[object Object]
2025-02-03 10:51:46 [[32minfo[39m]: username is mohit644
2025-02-03 10:51:46 [[32minfo[39m]: [object Object],[object Object]
2025-02-03 10:51:51 [[32minfo[39m]: username is mohit644
2025-02-03 10:51:51 [[32minfo[39m]: [object Object],[object Object]
2025-02-03 10:51:56 [[32minfo[39m]: username is mohit644
2025-02-03 10:51:56 [[32minfo[39m]: [object Object],[object Object]
2025-02-03 10:52:01 [[32minfo[39m]: username is mohit644
2025-02-03 10:52:01 [[32minfo[39m]: [object Object],[object Object]
2025-02-03 10:52:39 [[32minfo[39m]: username is mohit644
2025-02-03 10:52:39 [[32minfo[39m]: [object Object],[object Object]
2025-02-03 10:53:39 [[32minfo[39m]: username is mohit644
2025-02-03 10:53:39 [[32minfo[39m]: [object Object],[object Object]
2025-02-03 10:54:39 [[32minfo[39m]: username is mohit644
2025-02-03 10:54:40 [[32minfo[39m]: [object Object],[object Object]
2025-02-03 10:55:39 [[32minfo[39m]: username is mohit644
2025-02-03 10:55:39 [[32minfo[39m]: [object Object],[object Object]
2025-02-03 10:56:39 [[32minfo[39m]: username is mohit644
2025-02-03 10:56:39 [[32minfo[39m]: [object Object],[object Object]
2025-02-03 10:56:48 [[32minfo[39m]: username is mohit644
2025-02-03 10:56:48 [[32minfo[39m]: [object Object],[object Object]
2025-02-03 10:56:51 [[32minfo[39m]: username is mohit644
2025-02-03 10:56:51 [[32minfo[39m]: [object Object],[object Object]
2025-02-03 10:57:30 [[32minfo[39m]: User details fetched successfully
2025-02-03 10:57:30 [[32minfo[39m]: username is mohit644
2025-02-03 10:57:30 [[32minfo[39m]: [object Object],[object Object]
2025-02-03 10:57:35 [[32minfo[39m]: username is mohit644
2025-02-03 10:57:35 [[32minfo[39m]: [object Object],[object Object]
2025-02-03 10:57:40 [[32minfo[39m]: username is mohit644
2025-02-03 10:57:40 [[32minfo[39m]: [object Object],[object Object]
2025-02-03 10:57:45 [[32minfo[39m]: username is mohit644
2025-02-03 10:57:45 [[32minfo[39m]: [object Object],[object Object]
2025-02-03 10:57:50 [[32minfo[39m]: username is mohit644
2025-02-03 10:57:50 [[32minfo[39m]: [object Object],[object Object]
2025-02-03 10:57:55 [[32minfo[39m]: username is mohit644
2025-02-03 10:57:55 [[32minfo[39m]: [object Object],[object Object]
2025-02-03 10:58:00 [[32minfo[39m]: username is mohit644
2025-02-03 10:58:00 [[32minfo[39m]: [object Object],[object Object]
2025-02-03 10:58:05 [[32minfo[39m]: username is mohit644
2025-02-03 10:58:05 [[32minfo[39m]: [object Object],[object Object]
2025-02-03 10:58:10 [[32minfo[39m]: username is mohit644
2025-02-03 10:58:10 [[32minfo[39m]: [object Object],[object Object]
2025-02-03 10:58:11 [[32minfo[39m]: username is mohit644
2025-02-03 10:58:11 [[32minfo[39m]: [object Object],[object Object]
2025-02-03 10:58:16 [[32minfo[39m]: username is mohit644
2025-02-03 10:58:16 [[32minfo[39m]: [object Object],[object Object]
2025-02-03 10:58:19 [[32minfo[39m]: username is mohit644
2025-02-03 10:58:19 [[32minfo[39m]: [object Object],[object Object]
2025-02-03 10:58:21 [[32minfo[39m]: username is mohit644
2025-02-03 10:58:21 [[32minfo[39m]: [object Object],[object Object]
2025-02-03 10:58:23 [[32minfo[39m]: username is mohit644
2025-02-03 10:58:23 [[32minfo[39m]: [object Object],[object Object]
2025-02-03 10:58:25 [[32minfo[39m]: username is mohit644
2025-02-03 10:58:25 [[32minfo[39m]: [object Object],[object Object]
2025-02-03 10:58:28 [[32minfo[39m]: username is mohit644
2025-02-03 10:58:28 [[32minfo[39m]: [object Object],[object Object]
2025-02-03 10:58:33 [[32minfo[39m]: username is mohit644
2025-02-03 10:58:33 [[32minfo[39m]: [object Object],[object Object]
2025-02-03 10:58:38 [[32minfo[39m]: username is mohit644
2025-02-03 10:58:38 [[32minfo[39m]: [object Object],[object Object]
2025-02-03 10:58:43 [[32minfo[39m]: username is mohit644
2025-02-03 10:58:43 [[32minfo[39m]: [object Object],[object Object]
2025-02-03 10:58:48 [[32minfo[39m]: username is mohit644
2025-02-03 10:58:48 [[32minfo[39m]: [object Object],[object Object]
2025-02-03 10:58:53 [[32minfo[39m]: username is mohit644
2025-02-03 10:58:53 [[32minfo[39m]: [object Object],[object Object]
2025-02-03 10:58:58 [[32minfo[39m]: username is mohit644
2025-02-03 10:58:58 [[32minfo[39m]: [object Object],[object Object]
2025-02-03 10:59:03 [[32minfo[39m]: username is mohit644
2025-02-03 10:59:03 [[32minfo[39m]: [object Object],[object Object]
2025-02-03 10:59:08 [[32minfo[39m]: username is mohit644
2025-02-03 10:59:08 [[32minfo[39m]: [object Object],[object Object]
2025-02-03 10:59:13 [[32minfo[39m]: username is mohit644
2025-02-03 10:59:13 [[32minfo[39m]: [object Object],[object Object]
2025-02-03 10:59:18 [[32minfo[39m]: username is mohit644
2025-02-03 10:59:18 [[32minfo[39m]: [object Object],[object Object]
2025-02-03 10:59:23 [[32minfo[39m]: username is mohit644
2025-02-03 10:59:23 [[32minfo[39m]: [object Object],[object Object]
2025-02-03 10:59:28 [[32minfo[39m]: username is mohit644
2025-02-03 10:59:28 [[32minfo[39m]: [object Object],[object Object]
2025-02-03 10:59:33 [[32minfo[39m]: username is mohit644
2025-02-03 10:59:33 [[32minfo[39m]: [object Object],[object Object]
2025-03-11 03:16:49 [[32minfo[39m]: Server listening on port 3000
